<?xml version="1.0" encoding="UTF-8"?>
<testsuite name="ExpiryDateCalculatorTest" tests="6" skipped="0" failures="0" errors="0" timestamp="2021-09-27T13:19:16" hostname="gimjunseong-ui-MacBookPro.local" time="0.048">
  <properties/>
  <testcase name="만원_납부하면_한달_뒤가_만료일임()" classname="ExpiryDateCalculatorTest" time="0.028"/>
  <testcase name="이만원_이상_납부하면_비례해서_만료일_계산()" classname="ExpiryDateCalculatorTest" time="0.001"/>
  <testcase name="첫_납부일과_만료일_일자가_다를때_이만원_이상_납부()" classname="ExpiryDateCalculatorTest" time="0.013"/>
  <testcase name="십만원을_납부하면_1년_제공()" classname="ExpiryDateCalculatorTest" time="0.001"/>
  <testcase name="첫_납부일과_만료일_일자가_다를때_만원_납부()" classname="ExpiryDateCalculatorTest" time="0.001"/>
  <testcase name="납부일과_한달_뒤_일자가_같지_않음()" classname="ExpiryDateCalculatorTest" time="0.0"/>
  <system-out><![CDATA[]]></system-out>
  <system-err><![CDATA[]]></system-err>
</testsuite>
