<?xml version="1.0" encoding="UTF-8"?>
<testsuite name="PasswordStrengthMeterTest" tests="1" skipped="0" failures="0" errors="0" timestamp="2021-09-26T11:23:44" hostname="gimjunseong-ui-MacBookPro.local" time="0.015">
  <properties/>
  <testcase name="meetsOnlyLengthCriteria_Then_Weak()" classname="PasswordStrengthMeterTest" time="0.015"/>
  <system-out><![CDATA[]]></system-out>
  <system-err><![CDATA[]]></system-err>
</testsuite>
